app/build/intermediates/manifest_merge_blame_file/debug/manifest-merger-blame-debug-report.txt
1<?xml version="1.0" encoding="utf-8"?>
2<manifest xmlns:android="http://schemas.android.com/apk/res/android"
3    package="com.xoxoer.notiv"
4    android:versionCode="1"
5    android:versionName="1.0" >
6
7    <uses-sdk
8        android:minSdkVersion="16"
8-->src\main\AndroidManifest.xml
9        android:targetSdkVersion="30" />
9-->src\main\AndroidManifest.xml
10
11    <uses-permission android:name="android.permission.ACCESS_NETWORK_STATE" />
11-->[com.google.firebase:firebase-iid:17.0.4] AndroidManifest.xml:22:5-79
11-->[com.google.firebase:firebase-iid:17.0.4] AndroidManifest.xml:22:22-76
12    <uses-permission android:name="android.permission.INTERNET" />
12-->[com.google.firebase:firebase-iid:17.0.4] AndroidManifest.xml:23:5-67
12-->[com.google.firebase:firebase-iid:17.0.4] AndroidManifest.xml:23:22-64
13    <uses-permission android:name="android.permission.WAKE_LOCK" /> <!-- Required by older versions of Google Play services to create IID tokens -->
13-->[com.google.firebase:firebase-iid:17.0.4] AndroidManifest.xml:24:5-68
13-->[com.google.firebase:firebase-iid:17.0.4] AndroidManifest.xml:24:22-65
14    <uses-permission android:name="com.google.android.c2dm.permission.RECEIVE" />
14-->[com.google.firebase:firebase-iid:17.0.4] AndroidManifest.xml:26:5-82
14-->[com.google.firebase:firebase-iid:17.0.4] AndroidManifest.xml:26:22-79
15
16    <application
16-->src\main\AndroidManifest.xml:5:5-39:19
17        android:allowBackup="true"
17-->src\main\AndroidManifest.xml:6:9-35
18        android:appComponentFactory="androidx.core.app.CoreComponentFactory"
18-->[androidx.core:core:1.3.1] AndroidManifest.xml:24:18-86
19        android:debuggable="true"
20        android:icon="@mipmap/ic_launcher"
20-->src\main\AndroidManifest.xml:7:9-43
21        android:label="@string/app_name"
21-->src\main\AndroidManifest.xml:8:9-41
22        android:roundIcon="@mipmap/ic_launcher_round"
22-->src\main\AndroidManifest.xml:9:9-54
23        android:supportsRtl="true"
23-->src\main\AndroidManifest.xml:10:9-35
24        android:testOnly="true"
25        android:theme="@style/AppTheme" >
25-->src\main\AndroidManifest.xml:11:9-40
26        <activity android:name="com.xoxoer.notiv.SplashActivity" >
26-->src\main\AndroidManifest.xml:12:9-18:20
26-->src\main\AndroidManifest.xml:12:19-49
27            <intent-filter>
27-->src\main\AndroidManifest.xml:13:13-17:29
28                <action android:name="android.intent.action.MAIN" />
28-->src\main\AndroidManifest.xml:14:17-69
28-->src\main\AndroidManifest.xml:14:25-66
29
30                <category android:name="android.intent.category.LAUNCHER" />
30-->src\main\AndroidManifest.xml:16:17-77
30-->src\main\AndroidManifest.xml:16:27-74
31            </intent-filter>
32        </activity>
33        <activity android:name="com.xoxoer.notiv.SecondActivity" />
33-->src\main\AndroidManifest.xml:19:9-61
33-->src\main\AndroidManifest.xml:19:19-49
34        <activity android:name="com.xoxoer.notiv.MainActivity" />
34-->src\main\AndroidManifest.xml:20:9-59
34-->src\main\AndroidManifest.xml:20:19-47
35
36        <meta-data
36-->src\main\AndroidManifest.xml:22:9-24:37
37            android:name="firebase_messaging_auto_init_enabled"
37-->src\main\AndroidManifest.xml:23:13-64
38            android:value="false" />
38-->src\main\AndroidManifest.xml:24:13-34
39        <meta-data
39-->src\main\AndroidManifest.xml:25:9-27:67
40            android:name="com.google.firebase.messaging.default_notification_icon"
40-->src\main\AndroidManifest.xml:26:13-83
41            android:resource="@drawable/ic_launcher_foreground" />
41-->src\main\AndroidManifest.xml:27:13-64
42        <meta-data
42-->src\main\AndroidManifest.xml:28:9-30:39
43            android:name="com.google.firebase.messaging.default_notification_channel_id"
43-->src\main\AndroidManifest.xml:29:13-89
44            android:value="default" />
44-->src\main\AndroidManifest.xml:30:13-36
45
46        <service
46-->src\main\AndroidManifest.xml:32:9-38:19
47            android:name="com.xoxoer.notiv.AppFirebaseMessaging"
47-->src\main\AndroidManifest.xml:33:13-49
48            android:exported="false" >
48-->src\main\AndroidManifest.xml:34:13-37
49            <intent-filter>
49-->src\main\AndroidManifest.xml:35:13-37:29
50                <action android:name="com.google.firebase.MESSAGING_EVENT" />
50-->src\main\AndroidManifest.xml:36:17-78
50-->src\main\AndroidManifest.xml:36:25-75
51            </intent-filter>
52        </service>
53        <!--
54             FirebaseMessagingService performs security checks at runtime,
55             no need for explicit permissions despite exported="true"
56        -->
57        <service
57-->[com.google.firebase:firebase-messaging:17.3.4] AndroidManifest.xml:28:9-34:19
58            android:name="com.google.firebase.messaging.FirebaseMessagingService"
58-->[com.google.firebase:firebase-messaging:17.3.4] AndroidManifest.xml:29:13-82
59            android:exported="true" >
59-->[com.google.firebase:firebase-messaging:17.3.4] AndroidManifest.xml:30:13-36
60            <intent-filter android:priority="-500" >
60-->src\main\AndroidManifest.xml:35:13-37:29
61                <action android:name="com.google.firebase.MESSAGING_EVENT" />
61-->src\main\AndroidManifest.xml:36:17-78
61-->src\main\AndroidManifest.xml:36:25-75
62            </intent-filter>
63        </service>
64        <service
64-->[com.google.firebase:firebase-iid:17.0.4] AndroidManifest.xml:29:9-35:19
65            android:name="com.google.firebase.components.ComponentDiscoveryService"
65-->[com.google.firebase:firebase-iid:17.0.4] AndroidManifest.xml:30:13-84
66            android:exported="false" >
66-->[com.google.firebase:firebase-iid:17.0.4] AndroidManifest.xml:31:13-37
67            <meta-data
67-->[com.google.firebase:firebase-iid:17.0.4] AndroidManifest.xml:32:13-34:85
68                android:name="com.google.firebase.components:com.google.firebase.iid.Registrar"
68-->[com.google.firebase:firebase-iid:17.0.4] AndroidManifest.xml:33:17-96
69                android:value="com.google.firebase.components.ComponentRegistrar" />
69-->[com.google.firebase:firebase-iid:17.0.4] AndroidManifest.xml:34:17-82
70        </service>
71
72        <receiver
72-->[com.google.firebase:firebase-iid:17.0.4] AndroidManifest.xml:37:9-44:20
73            android:name="com.google.firebase.iid.FirebaseInstanceIdReceiver"
73-->[com.google.firebase:firebase-iid:17.0.4] AndroidManifest.xml:38:13-78
74            android:exported="true"
74-->[com.google.firebase:firebase-iid:17.0.4] AndroidManifest.xml:39:13-36
75            android:permission="com.google.android.c2dm.permission.SEND" >
75-->[com.google.firebase:firebase-iid:17.0.4] AndroidManifest.xml:40:13-73
76            <intent-filter>
76-->[com.google.firebase:firebase-iid:17.0.4] AndroidManifest.xml:41:13-43:29
77                <action android:name="com.google.android.c2dm.intent.RECEIVE" />
77-->[com.google.firebase:firebase-iid:17.0.4] AndroidManifest.xml:42:17-81
77-->[com.google.firebase:firebase-iid:17.0.4] AndroidManifest.xml:42:25-78
78            </intent-filter>
79        </receiver>
80        <!--
81             FirebaseInstanceIdService performs security checks at runtime,
82             no need for explicit permissions despite exported="true"
83        -->
84        <service
84-->[com.google.firebase:firebase-iid:17.0.4] AndroidManifest.xml:50:9-56:19
85            android:name="com.google.firebase.iid.FirebaseInstanceIdService"
85-->[com.google.firebase:firebase-iid:17.0.4] AndroidManifest.xml:51:13-77
86            android:exported="true" >
86-->[com.google.firebase:firebase-iid:17.0.4] AndroidManifest.xml:52:13-36
87            <intent-filter android:priority="-500" >
87-->[com.google.firebase:firebase-iid:17.0.4] AndroidManifest.xml:53:13-55:29
87-->[com.google.firebase:firebase-iid:17.0.4] AndroidManifest.xml:53:28-51
88                <action android:name="com.google.firebase.INSTANCE_ID_EVENT" />
88-->[com.google.firebase:firebase-iid:17.0.4] AndroidManifest.xml:54:17-80
88-->[com.google.firebase:firebase-iid:17.0.4] AndroidManifest.xml:54:25-77
89            </intent-filter>
90        </service>
91
92        <provider
92-->[com.google.firebase:firebase-common:16.0.3] AndroidManifest.xml:10:9-14:39
93            android:name="com.google.firebase.provider.FirebaseInitProvider"
93-->[com.google.firebase:firebase-common:16.0.3] AndroidManifest.xml:11:13-77
94            android:authorities="com.xoxoer.notiv.firebaseinitprovider"
94-->[com.google.firebase:firebase-common:16.0.3] AndroidManifest.xml:12:13-72
95            android:exported="false"
95-->[com.google.firebase:firebase-common:16.0.3] AndroidManifest.xml:13:13-37
96            android:initOrder="100" />
96-->[com.google.firebase:firebase-common:16.0.3] AndroidManifest.xml:14:13-36
97
98        <activity
98-->[com.google.android.gms:play-services-base:16.0.1] AndroidManifest.xml:23:9-26:75
99            android:name="com.google.android.gms.common.api.GoogleApiActivity"
99-->[com.google.android.gms:play-services-base:16.0.1] AndroidManifest.xml:24:13-79
100            android:exported="false"
100-->[com.google.android.gms:play-services-base:16.0.1] AndroidManifest.xml:25:13-37
101            android:theme="@android:style/Theme.Translucent.NoTitleBar" />
101-->[com.google.android.gms:play-services-base:16.0.1] AndroidManifest.xml:26:13-72
102
103        <meta-data
103-->[com.google.android.gms:play-services-basement:16.0.1] AndroidManifest.xml:23:9-25:69
104            android:name="com.google.android.gms.version"
104-->[com.google.android.gms:play-services-basement:16.0.1] AndroidManifest.xml:24:13-58
105            android:value="@integer/google_play_services_version" />
105-->[com.google.android.gms:play-services-basement:16.0.1] AndroidManifest.xml:25:13-66
106    </application>
107
108</manifest>